#
# A fatal error has been detected by the Java Runtime Environment:
#
#  EXCEPTION_ACCESS_VIOLATION (0xc0000005) at pc=0x630f7396, pid=5108, tid=0x00000334
#
# JRE version: Java(TM) SE Runtime Environment (8.0_171-b11) (build 1.8.0_171-b11)
# Java VM: Java HotSpot(TM) Client VM (25.171-b11 mixed mode windows-x86 )
# Problematic frame:
# C  [awt.dll+0xa7396]
#
# Failed to write core dump. Minidumps are not enabled by default on client versions of Windows
#
# If you would like to submit a bug report, please visit:
#   http://bugreport.java.com/bugreport/crash.jsp
# The crash happened outside the Java Virtual Machine in native code.
# See problematic frame for where to report the bug.
#

---------------  T H R E A D  ---------------

Current thread (0x25117800):  JavaThread "AWT-Windows" daemon [_thread_in_native, id=820, stack(0x257e0000,0x25830000)]

siginfo: ExceptionCode=0xc0000005, reading address 0x00000000

Registers:
EAX=0x00000000, EBX=0x25117940, ECX=0xffff8335, EDX=0x00000000
ESP=0x2582ed60, EBP=0x2582ed90, ESI=0x263858f4, EDI=0xffff8463
EIP=0x630f7396, EFLAGS=0x00010207

Top of Stack: (sp=0x2582ed60)
0x2582ed60:   1cfa57e0 00000001 00009824 00000000
0x2582ed70:   00000000 00000000 25117940 00000000
0x2582ed80:   2582ed60 2582ee24 631081b8 00000001
0x2582ed90:   2582edbc 758d7433 007701c6 00009824
0x2582eda0:   263858f4 84638335 00009824 dcbaabcd
0x2582edb0:   00000000 00000001 00009824 2582ee34
0x2582edc0:   758d7980 630f6b80 007701c6 00009824
0x2582edd0:   263858f4 84638335 08f3c358 40000000 

Instructions: (pc=0x630f7396)
0x630f7376:   75 10 8b 0b 8b 81 94 01 00 00 52 56 53 ff d0 8b
0x630f7386:   4d 14 8b f9 c1 ef 10 0f bf ff 0f bf c9 89 55 e4
0x630f7396:   8b 10 8b 92 28 01 00 00 57 51 8b c8 ff d2 8b 03
0x630f73a6:   8b 48 58 56 53 ff d1 8b 13 8b 42 50 6a 00 53 c6 


Register to memory mapping:

EAX=0x00000000 is an unknown value
EBX=0x25117940 is an unknown value
ECX=0xffff8335 is an unknown value
EDX=0x00000000 is an unknown value
ESP=0x2582ed60 is pointing into the stack for thread: 0x25117800
EBP=0x2582ed90 is pointing into the stack for thread: 0x25117800
ESI=0x263858f4 is a global jni handle
EDI=0xffff8463 is an unknown value


Stack: [0x257e0000,0x25830000],  sp=0x2582ed60,  free space=315k
Native frames: (J=compiled Java code, j=interpreted, Vv=VM code, C=native code)
C  [awt.dll+0xa7396]
C  [USER32.dll+0x7433]
C  [USER32.dll+0x7980]
C  [USER32.dll+0x92b0]
C  [USER32.dll+0x8f53]
C  [ntdll.dll+0x1707e]
C  [awt.dll+0xa668d]

Java frames: (J=compiled Java code, j=interpreted, Vv=VM code)
j  sun.awt.windows.WToolkit.eventLoop()V+0
j  sun.awt.windows.WToolkit.run()V+58
j  java.lang.Thread.run()V+11
v  ~StubRoutines::call_stub

---------------  P R O C E S S  ---------------

Java Threads: ( => current thread )
  0x26743c00 JavaThread "Thread-2" daemon [_thread_in_native, id=7456, stack(0x26e40000,0x26e90000)]
  0x26741400 JavaThread "SIGTERM handler" daemon [_thread_blocked, id=7728, stack(0x01c50000,0x01ca0000)]
  0x26741c00 JavaThread "DestroyJavaVM" [_thread_blocked, id=1172, stack(0x00c40000,0x00c90000)]
  0x26743000 JavaThread "TimerQueue" daemon [_thread_blocked, id=2404, stack(0x27780000,0x277d0000)]
  0x26741000 JavaThread "AWT-EventQueue-0" [_thread_in_native, id=5152, stack(0x274c0000,0x27510000)]
  0x26381c00 JavaThread "AWT-Shutdown" [_thread_blocked, id=3600, stack(0x27470000,0x274c0000)]
  0x26381000 JavaThread "Batik CleanerThread" daemon [_thread_blocked, id=1832, stack(0x27070000,0x270c0000)]
  0x2628c400 JavaThread "Multihomed mDNS.Timer" daemon [_thread_blocked, id=3160, stack(0x021a0000,0x021f0000)]
  0x26289400 JavaThread "cc.arduino.packages.discoverers.serial.SerialBoardsLister" [_thread_blocked, id=4568, stack(0x25790000,0x257e0000)]
=>0x25117800 JavaThread "AWT-Windows" daemon [_thread_in_native, id=820, stack(0x257e0000,0x25830000)]
  0x25114000 JavaThread "Java2D Disposer" daemon [_thread_blocked, id=4892, stack(0x25740000,0x25790000)]
  0x24a52400 JavaThread "Service Thread" daemon [_thread_blocked, id=6108, stack(0x24de0000,0x24e30000)]
  0x24a4bc00 JavaThread "C1 CompilerThread0" daemon [_thread_blocked, id=2568, stack(0x24d90000,0x24de0000)]
  0x24a59800 JavaThread "Attach Listener" daemon [_thread_blocked, id=4904, stack(0x24d40000,0x24d90000)]
  0x24a58800 JavaThread "Signal Dispatcher" daemon [_thread_blocked, id=3140, stack(0x24cf0000,0x24d40000)]
  0x24a3a800 JavaThread "Finalizer" daemon [_thread_blocked, id=3776, stack(0x04380000,0x043d0000)]
  0x24a24800 JavaThread "Reference Handler" daemon [_thread_blocked, id=5956, stack(0x02290000,0x022e0000)]

Other Threads:
  0x01c4e400 VMThread [stack: 0x02240000,0x02290000] [id=3976]
  0x24a55800 WatcherThread [stack: 0x24e30000,0x24e80000] [id=4648]

VM state:not at safepoint (normal execution)

VM Mutex/Monitor currently owned by a thread: None

Heap:
 def new generation   total 39424K, used 24050K [0x04400000, 0x06ec0000, 0x0eea0000)
  eden space 35072K,  68% used [0x04400000, 0x05b7c918, 0x06640000)
  from space 4352K,   0% used [0x06a80000, 0x06a80230, 0x06ec0000)
  to   space 4352K,   0% used [0x06640000, 0x06640000, 0x06a80000)
 tenured generation   total 87424K, used 34931K [0x0eea0000, 0x14400000, 0x24400000)
   the space 87424K,  39% used [0x0eea0000, 0x110bcfe0, 0x110bd000, 0x14400000)
 Metaspace       used 20130K, capacity 20662K, committed 20864K, reserved 20864K

Card table byte_map: [0x24400000,0x24510000] byte_map_base: 0x243de000

Polling page: 0x01a10000

CodeCache: size=32768Kb used=2502Kb max_used=4140Kb free=30265Kb
 bounds [0x02380000, 0x02790000, 0x04380000]
 total_blobs=1542 nmethods=1266 adapters=206
 compilation: enabled

Compilation events (10 events):
Event: 2303.337 Thread 0x24a4bc00 4599             java.util.TaskQueue::getMin (7 bytes)
Event: 2303.337 Thread 0x24a4bc00 nmethod 4599 0x02764a48 code [0x02764b40, 0x02764be0]
Event: 2593.261 Thread 0x24a4bc00 4600             java.net.URI$Parser::scan (50 bytes)
Event: 2593.261 Thread 0x24a4bc00 nmethod 4600 0x024a0bc8 code [0x024a0cf0, 0x024a0eb4]
Event: 2593.262 Thread 0x24a4bc00 4601             java.net.URI$Parser::scan (73 bytes)
Event: 2593.263 Thread 0x24a4bc00 nmethod 4601 0x0273eb88 code [0x0273ecb0, 0x0273eeb4]
Event: 2748.337 Thread 0x24a4bc00 4602             java.lang.String::hashCode (55 bytes)
Event: 2748.337 Thread 0x24a4bc00 nmethod 4602 0x027647c8 code [0x027648c0, 0x02764990]
Event: 2748.339 Thread 0x24a4bc00 4603             sun.swing.ImageCache::getEntry (148 bytes)
Event: 2748.340 Thread 0x24a4bc00 nmethod 4603 0x02770dc8 code [0x02770f70, 0x027714d4]

GC Heap History (10 events):
Event: 3471.585 GC heap before
{Heap before GC invocations=188 (full 2):
 def new generation   total 39424K, used 35072K [0x04400000, 0x06ec0000, 0x0eea0000)
  eden space 35072K, 100% used [0x04400000, 0x06640000, 0x06640000)
  from space 4352K,   0% used [0x06640000, 0x06640150, 0x06a80000)
  to   space 4352K,   0% used [0x06a80000, 0x06a80000, 0x06ec0000)
 tenured generation   total 87424K, used 34931K [0x0eea0000, 0x14400000, 0x24400000)
   the space 87424K,  39% used [0x0eea0000, 0x110bcfe0, 0x110bd000, 0x14400000)
 Metaspace       used 20127K, capacity 20662K, committed 20864K, reserved 20864K
Event: 3471.587 GC heap after
Heap after GC invocations=189 (full 2):
 def new generation   total 39424K, used 0K [0x04400000, 0x06ec0000, 0x0eea0000)
  eden space 35072K,   0% used [0x04400000, 0x04400000, 0x06640000)
  from space 4352K,   0% used [0x06a80000, 0x06a801e0, 0x06ec0000)
  to   space 4352K,   0% used [0x06640000, 0x06640000, 0x06a80000)
 tenured generation   total 87424K, used 34931K [0x0eea0000, 0x14400000, 0x24400000)
   the space 87424K,  39% used [0x0eea0000, 0x110bcfe0, 0x110bd000, 0x14400000)
 Metaspace       used 20127K, capacity 20662K, committed 20864K, reserved 20864K
}
Event: 3482.114 GC heap before
{Heap before GC invocations=189 (full 2):
 def new generation   total 39424K, used 35072K [0x04400000, 0x06ec0000, 0x0eea0000)
  eden space 35072K, 100% used [0x04400000, 0x06640000, 0x06640000)
  from space 4352K,   0% used [0x06a80000, 0x06a801e0, 0x06ec0000)
  to   space 4352K,   0% used [0x06640000, 0x06640000, 0x06a80000)
 tenured generation   total 87424K, used 34931K [0x0eea0000, 0x14400000, 0x24400000)
   the space 87424K,  39% used [0x0eea0000, 0x110bcfe0, 0x110bd000, 0x14400000)
 Metaspace       used 20127K, capacity 20662K, committed 20864K, reserved 20864K
Event: 3482.115 GC heap after
Heap after GC invocations=190 (full 2):
 def new generation   total 39424K, used 0K [0x04400000, 0x06ec0000, 0x0eea0000)
  eden space 35072K,   0% used [0x04400000, 0x04400000, 0x06640000)
  from space 4352K,   0% used [0x06640000, 0x066401f0, 0x06a80000)
  to   space 4352K,   0% used [0x06a80000, 0x06a80000, 0x06ec0000)
 tenured generation   total 87424K, used 34931K [0x0eea0000, 0x14400000, 0x24400000)
   the space 87424K,  39% used [0x0eea0000, 0x110bcfe0, 0x110bd000, 0x14400000)
 Metaspace       used 20127K, capacity 20662K, committed 20864K, reserved 20864K
}
Event: 3493.217 GC heap before
{Heap before GC invocations=190 (full 2):
 def new generation   total 39424K, used 35072K [0x04400000, 0x06ec0000, 0x0eea0000)
  eden space 35072K, 100% used [0x04400000, 0x06640000, 0x06640000)
  from space 4352K,   0% used [0x06640000, 0x066401f0, 0x06a80000)
  to   space 4352K,   0% used [0x06a80000, 0x06a80000, 0x06ec0000)
 tenured generation   total 87424K, used 34931K [0x0eea0000, 0x14400000, 0x24400000)
   the space 87424K,  39% used [0x0eea0000, 0x110bcfe0, 0x110bd000, 0x14400000)
 Metaspace       used 20127K, capacity 20662K, committed 20864K, reserved 20864K
Event: 3493.218 GC heap after
Heap after GC invocations=191 (full 2):
 def new generation   total 39424K, used 0K [0x04400000, 0x06ec0000, 0x0eea0000)
  eden space 35072K,   0% used [0x04400000, 0x04400000, 0x06640000)
  from space 4352K,   0% used [0x06a80000, 0x06a801f8, 0x06ec0000)
  to   space 4352K,   0% used [0x06640000, 0x06640000, 0x06a80000)
 tenured generation   total 87424K, used 34931K [0x0eea0000, 0x14400000, 0x24400000)
   the space 87424K,  39% used [0x0eea0000, 0x110bcfe0, 0x110bd000, 0x14400000)
 Metaspace       used 20127K, capacity 20662K, committed 20864K, reserved 20864K
}
Event: 3504.159 GC heap before
{Heap before GC invocations=191 (full 2):
 def new generation   total 39424K, used 35072K [0x04400000, 0x06ec0000, 0x0eea0000)
  eden space 35072K, 100% used [0x04400000, 0x06640000, 0x06640000)
  from space 4352K,   0% used [0x06a80000, 0x06a801f8, 0x06ec0000)
  to   space 4352K,   0% used [0x06640000, 0x06640000, 0x06a80000)
 tenured generation   total 87424K, used 34931K [0x0eea0000, 0x14400000, 0x24400000)
   the space 87424K,  39% used [0x0eea0000, 0x110bcfe0, 0x110bd000, 0x14400000)
 Metaspace       used 20127K, capacity 20662K, committed 20864K, reserved 20864K
Event: 3504.160 GC heap after
Heap after GC invocations=192 (full 2):
 def new generation   total 39424K, used 0K [0x04400000, 0x06ec0000, 0x0eea0000)
  eden space 35072K,   0% used [0x04400000, 0x04400000, 0x06640000)
  from space 4352K,   0% used [0x06640000, 0x06640230, 0x06a80000)
  to   space 4352K,   0% used [0x06a80000, 0x06a80000, 0x06ec0000)
 tenured generation   total 87424K, used 34931K [0x0eea0000, 0x14400000, 0x24400000)
   the space 87424K,  39% used [0x0eea0000, 0x110bcfe0, 0x110bd000, 0x14400000)
 Metaspace       used 20127K, capacity 20662K, committed 20864K, reserved 20864K
}
Event: 3514.925 GC heap before
{Heap before GC invocations=192 (full 2):
 def new generation   total 39424K, used 35072K [0x04400000, 0x06ec0000, 0x0eea0000)
  eden space 35072K, 100% used [0x04400000, 0x06640000, 0x06640000)
  from space 4352K,   0% used [0x06640000, 0x06640230, 0x06a80000)
  to   space 4352K,   0% used [0x06a80000, 0x06a80000, 0x06ec0000)
 tenured generation   total 87424K, used 34931K [0x0eea0000, 0x14400000, 0x24400000)
   the space 87424K,  39% used [0x0eea0000, 0x110bcfe0, 0x110bd000, 0x14400000)
 Metaspace       used 20127K, capacity 20662K, committed 20864K, reserved 20864K
Event: 3514.927 GC heap after
Heap after GC invocations=193 (full 2):
 def new generation   total 39424K, used 0K [0x04400000, 0x06ec0000, 0x0eea0000)
  eden space 35072K,   0% used [0x04400000, 0x04400000, 0x06640000)
  from space 4352K,   0% used [0x06a80000, 0x06a80230, 0x06ec0000)
  to   space 4352K,   0% used [0x06640000, 0x06640000, 0x06a80000)
 tenured generation   total 87424K, used 34931K [0x0eea0000, 0x14400000, 0x24400000)
   the space 87424K,  39% used [0x0eea0000, 0x110bcfe0, 0x110bd000, 0x14400000)
 Metaspace       used 20127K, capacity 20662K, committed 20864K, reserved 20864K
}

Deoptimization events (0 events):
No events

Classes redefined (0 events):
No events

Internal exceptions (10 events):
Event: 824.994 Thread 0x26741400 Exception <a 'sun/nio/fs/WindowsException'> (0x0571c7d0) thrown at [C:\re\workspace\8-2-build-windows-i586-cygwin\jdk8u171\10807\hotspot\src\share\vm\prims\jni.cpp, line 709]
Event: 824.994 Thread 0x26741400 Exception <a 'sun/nio/fs/WindowsException'> (0x05720e30) thrown at [C:\re\workspace\8-2-build-windows-i586-cygwin\jdk8u171\10807\hotspot\src\share\vm\prims\jni.cpp, line 709]
Event: 825.000 Thread 0x26741400 Exception <a 'sun/nio/fs/WindowsException'> (0x05737d10) thrown at [C:\re\workspace\8-2-build-windows-i586-cygwin\jdk8u171\10807\hotspot\src\share\vm\prims\jni.cpp, line 709]
Event: 825.000 Thread 0x26741400 Exception <a 'sun/nio/fs/WindowsException'> (0x057382e0) thrown at [C:\re\workspace\8-2-build-windows-i586-cygwin\jdk8u171\10807\hotspot\src\share\vm\prims\jni.cpp, line 709]
Event: 825.005 Thread 0x26741400 Exception <a 'sun/nio/fs/WindowsException'> (0x05744170) thrown at [C:\re\workspace\8-2-build-windows-i586-cygwin\jdk8u171\10807\hotspot\src\share\vm\prims\jni.cpp, line 709]
Event: 825.005 Thread 0x26741400 Exception <a 'sun/nio/fs/WindowsException'> (0x05744768) thrown at [C:\re\workspace\8-2-build-windows-i586-cygwin\jdk8u171\10807\hotspot\src\share\vm\prims\jni.cpp, line 709]
Event: 825.009 Thread 0x26741400 Exception <a 'sun/nio/fs/WindowsException'> (0x05751420) thrown at [C:\re\workspace\8-2-build-windows-i586-cygwin\jdk8u171\10807\hotspot\src\share\vm\prims\jni.cpp, line 709]
Event: 825.009 Thread 0x26741400 Exception <a 'sun/nio/fs/WindowsException'> (0x057519c8) thrown at [C:\re\workspace\8-2-build-windows-i586-cygwin\jdk8u171\10807\hotspot\src\share\vm\prims\jni.cpp, line 709]
Event: 1902.399 Thread 0x24fe9000 Exception <a 'java/net/SocketException': socket closed> (0x060b5210) thrown at [C:\re\workspace\8-2-build-windows-i586-cygwin\jdk8u171\10807\hotspot\src\share\vm\prims\jni.cpp, line 735]
Event: 2593.245 Thread 0x26289400 Exception <a 'java/net/UnknownHostException': api-builder.arduino.cc> (0x05d34d60) thrown at [C:\re\workspace\8-2-build-windows-i586-cygwin\jdk8u171\10807\hotspot\src\share\vm\prims\jni.cpp, line 735]

Events (10 events):
Event: 3521.646 Thread 0x26742400 Thread added: 0x26742400
Event: 3521.646 Thread 0x26743c00 Thread added: 0x26743c00
Event: 3521.646 Thread 0x26740800 Thread added: 0x26740800
Event: 3521.869 Thread 0x26742400 Thread exited: 0x26742400
Event: 3521.894 loading class sun/awt/shell/Win32ShellFolderManager2$ComInvoker$1$1
Event: 3521.896 loading class sun/awt/shell/Win32ShellFolderManager2$ComInvoker$1$1 done
Event: 3521.896 Thread 0x26740800 Thread exited: 0x26740800
Event: 3521.920 Thread 0x26743400 Thread exited: 0x26743400
Event: 3523.299 Thread 0x26744000 Thread exited: 0x26744000
Event: 3523.382 Thread 0x26742800 Thread exited: 0x26742800


Dynamic libraries:
0x00c90000 - 0x00cc3000 	C:\Program Files\Arduino\java\bin\javaw.exe
0x77ac0000 - 0x77c27000 	C:\Windows\SYSTEM32\ntdll.dll
0x765f0000 - 0x766e8000 	C:\Windows\system32\KERNEL32.DLL
0x66d70000 - 0x66d9f000 	C:\Program Files\AVAST Software\Avast\aswhookx.dll
0x754b0000 - 0x7556c000 	C:\Windows\system32\KERNELBASE.dll
0x75f60000 - 0x7600e000 	C:\Windows\system32\ADVAPI32.dll
0x758d0000 - 0x759f0000 	C:\Windows\system32\USER32.dll
0x73730000 - 0x73928000 	C:\Windows\WinSxS\x86_microsoft.windows.common-controls_6595b64144ccf1df_6.0.9200.17359_none_8935f06086091acc\COMCTL32.dll
0x766f0000 - 0x767a1000 	C:\Windows\system32\msvcrt.dll
0x75730000 - 0x75764000 	C:\Windows\SYSTEM32\sechost.dll
0x75650000 - 0x75721000 	C:\Windows\system32\RPCRT4.dll
0x760a0000 - 0x761aa000 	C:\Windows\system32\GDI32.dll
0x761b0000 - 0x761db000 	C:\Windows\system32\IMM32.DLL
0x75bb0000 - 0x75c8d000 	C:\Windows\system32\MSCTF.dll
0x638f0000 - 0x639af000 	C:\Program Files\Arduino\java\bin\msvcr100.dll
0x586e0000 - 0x58ab1000 	C:\Program Files\Arduino\java\bin\client\jvm.dll
0x71010000 - 0x71018000 	C:\Windows\SYSTEM32\WSOCK32.dll
0x6cb00000 - 0x6cb21000 	C:\Windows\SYSTEM32\WINMM.dll
0x70820000 - 0x70828000 	C:\Windows\SYSTEM32\VERSION.dll
0x765e0000 - 0x765e6000 	C:\Windows\system32\PSAPI.DLL
0x76960000 - 0x769b0000 	C:\Windows\system32\WS2_32.dll
0x6caa0000 - 0x6caca000 	C:\Windows\SYSTEM32\WINMMBASE.dll
0x76380000 - 0x76388000 	C:\Windows\system32\NSI.dll
0x6d950000 - 0x6d980000 	C:\Program Files\Arduino\java\bin\splashscreen.dll
0x73610000 - 0x7361c000 	C:\Program Files\Arduino\java\bin\verify.dll
0x74310000 - 0x743b7000 	C:\Windows\system32\uxtheme.dll
0x68630000 - 0x68652000 	C:\Program Files\Arduino\java\bin\java.dll
0x76420000 - 0x76539000 	C:\Windows\system32\ole32.dll
0x75ca0000 - 0x75dd6000 	C:\Windows\SYSTEM32\combase.dll
0x74fc0000 - 0x74fc9000 	C:\Windows\SYSTEM32\CRYPTBASE.dll
0x74f60000 - 0x74fb1000 	C:\Windows\SYSTEM32\bcryptPrimitives.dll
0x73b50000 - 0x73b56000 	C:\Windows\System32\OskSupport.dll
0x6d8c0000 - 0x6d8d4000 	C:\Program Files\Arduino\java\bin\zip.dll
0x71bd0000 - 0x71caf000 	C:\Windows\System32\UIAutomationCore.DLL
0x730f0000 - 0x73140000 	C:\Windows\SYSTEM32\OLEACC.dll
0x76390000 - 0x7641b000 	C:\Windows\system32\OLEAUT32.DLL
0x769b0000 - 0x77a76000 	C:\Windows\system32\SHELL32.dll
0x77a80000 - 0x77ac0000 	C:\Windows\system32\SHLWAPI.dll
0x76540000 - 0x765b3000 	C:\Windows\system32\SHCORE.dll
0x75130000 - 0x75141000 	C:\Windows\SYSTEM32\profapi.dll
0x61940000 - 0x619b2000 	C:\Program Files\Arduino\lib\listSerialsj.dll
0x767b0000 - 0x7695f000 	C:\Windows\system32\SETUPAPI.dll
0x75360000 - 0x753a6000 	C:\Windows\system32\CFGMGR32.dll
0x75490000 - 0x754ae000 	C:\Windows\system32\DEVOBJ.dll
0x6bbe0000 - 0x6bbfd000 	C:\Program Files\Arduino\lib\jnidispatch-4.2.2-win32-x86.dll
0x68f20000 - 0x68f35000 	C:\Program Files\Arduino\java\bin\net.dll
0x74ae0000 - 0x74b2a000 	C:\Windows\system32\mswsock.dll
0x71a20000 - 0x71a2f000 	C:\Program Files\Arduino\java\bin\nio.dll
0x63050000 - 0x63195000 	C:\Program Files\Arduino\java\bin\awt.dll
0x70d10000 - 0x70db8000 	C:\Windows\system32\apphelp.dll
0x73dc0000 - 0x73dd9000 	C:\Windows\SYSTEM32\dwmapi.dll
0x68470000 - 0x684a9000 	C:\Program Files\Arduino\java\bin\fontmanager.dll
0x63410000 - 0x634de000 	C:\Windows\system32\opengl32.dll
0x68600000 - 0x68623000 	C:\Windows\SYSTEM32\GLU32.dll
0x629e0000 - 0x62ab9000 	C:\Windows\SYSTEM32\DDRAW.dll
0x70d00000 - 0x70d07000 	C:\Windows\SYSTEM32\DCIMAN32.dll
0x67530000 - 0x67562000 	C:\Program Files\Arduino\java\bin\t2k.dll
0x72860000 - 0x72882000 	C:\Windows\SYSTEM32\IPHLPAPI.DLL
0x72f10000 - 0x72f18000 	C:\Windows\SYSTEM32\WINNSI.DLL
0x753b0000 - 0x753f2000 	C:\Windows\system32\WINTRUST.dll
0x751d0000 - 0x75352000 	C:\Windows\system32\CRYPT32.dll
0x751b0000 - 0x751c2000 	C:\Windows\system32\MSASN1.dll
0x728c0000 - 0x728d0000 	C:\Windows\SYSTEM32\dhcpcsvc6.DLL
0x72760000 - 0x72772000 	C:\Windows\SYSTEM32\dhcpcsvc.DLL
0x74970000 - 0x749e4000 	C:\Windows\SYSTEM32\DNSAPI.dll
0x697a0000 - 0x697a7000 	C:\Windows\System32\rasadhlp.dll
0x72e80000 - 0x72ebf000 	C:\Windows\System32\fwpuclnt.dll
0x64450000 - 0x644b9000 	C:\Program Files\Arduino\msvcp100.dll
0x5ef10000 - 0x5efce000 	C:\Program Files\Arduino\msvcr100.dll
0x26f30000 - 0x26f62000 	C:\Program Files\Arduino\lib\AStylej.dll
0x68520000 - 0x68544000 	C:\Program Files\Arduino\java\bin\dcpr.dll
0x75570000 - 0x755e4000 	C:\Windows\SYSTEM32\clbcatq.dll
0x71e90000 - 0x71fdb000 	C:\Windows\SYSTEM32\WindowsCodecs.dll
0x74b30000 - 0x74b4a000 	C:\Windows\SYSTEM32\CRYPTSP.dll
0x74850000 - 0x7488e000 	C:\Windows\system32\rsaenh.dll
0x74920000 - 0x7493b000 	C:\Windows\SYSTEM32\USERENV.dll
0x67420000 - 0x674a7000 	C:\Windows\WinSxS\x86_microsoft.windows.common-controls_6595b64144ccf1df_5.82.9200.17359_none_bf105a8645f47e85\comctl32.dll
0x712d0000 - 0x713e9000 	C:\Windows\system32\propsys.dll
0x6b2a0000 - 0x6b438000 	C:\Windows\system32\NetworkExplorer.dll
0x72890000 - 0x728ba000 	C:\Windows\System32\thumbcache.dll
0x6bf60000 - 0x6bf73000 	C:\Windows\SYSTEM32\MPR.dll
0x62b00000 - 0x62b08000 	C:\Windows\System32\drprov.dll
0x75080000 - 0x750bf000 	C:\Windows\System32\WINSTA.dll
0x62af0000 - 0x62aff000 	C:\Windows\System32\ntlanman.dll
0x61870000 - 0x61889000 	C:\Windows\System32\davclnt.dll
0x62ae0000 - 0x62ae9000 	C:\Windows\System32\DAVHLPR.dll
0x73970000 - 0x73980000 	C:\Windows\SYSTEM32\wkscli.dll
0x688a0000 - 0x688ae000 	C:\Windows\SYSTEM32\cscapi.dll
0x746a0000 - 0x746ab000 	C:\Windows\SYSTEM32\netutils.dll
0x60440000 - 0x604a5000 	C:\Windows\System32\dlnashext.dll
0x711e0000 - 0x71215000 	C:\Windows\System32\XmlLite.dll
0x68c00000 - 0x68c0c000 	C:\Windows\System32\DevDispItemProvider.dll
0x6e730000 - 0x6e890000 	C:\Windows\WinSxS\x86_microsoft.windows.gdiplus_6595b64144ccf1df_1.1.9200.17568_none_ba21fa0fe09a94f2\gdiplus.dll
0x6b090000 - 0x6b0c1000 	C:\Windows\System32\EhStorShell.dll
0x73630000 - 0x73639000 	C:\Windows\SYSTEM32\LINKINFO.dll
0x74e20000 - 0x74e44000 	C:\Windows\SYSTEM32\SspiCli.dll
0x750c0000 - 0x750d2000 	C:\Windows\SYSTEM32\samcli.dll
0x71420000 - 0x71434000 	C:\Windows\SYSTEM32\SAMLIB.dll
0x76010000 - 0x76099000 	C:\Windows\system32\COMDLG32.dll
0x62960000 - 0x629c9000 	C:\Program Files\Common Files\microsoft shared\ink\tiptsf.dll
0x70bc0000 - 0x70c6b000 	C:\Windows\SYSTEM32\ntshrui.dll
0x74d00000 - 0x74d1c000 	C:\Windows\SYSTEM32\srvcli.dll
0x277d0000 - 0x2783a000 	C:\Windows\System32\StructuredQuery.dll
0x6c6b0000 - 0x6c6b9000 	C:\Windows\System32\Secur32.dll
0x62810000 - 0x628cc000 	C:\Windows\System32\actxprxy.dll
0x70600000 - 0x70650000 	C:\Users\Psalmuel\AppData\Local\Microsoft\OneDrive\17.3.4604.0120\FileSyncShell.dll
0x6bc00000 - 0x6bc85000 	C:\Users\Psalmuel\AppData\Local\Microsoft\OneDrive\17.3.4604.0120\MSVCP110.dll
0x6b0d0000 - 0x6b1a2000 	C:\Users\Psalmuel\AppData\Local\Microsoft\OneDrive\17.3.4604.0120\MSVCR110.dll
0x70580000 - 0x705f8000 	C:\Users\Psalmuel\AppData\Local\Microsoft\OneDrive\17.3.4604.0120\Telemetry.dll
0x759f0000 - 0x75ba9000 	C:\Windows\system32\WININET.dll
0x72d60000 - 0x72d7a000 	C:\Users\Psalmuel\AppData\Local\Microsoft\OneDrive\17.3.4604.0120\LoggingPlatform.DLL
0x6e980000 - 0x6e99f000 	C:\Windows\SYSTEM32\Cabinet.dll
0x70400000 - 0x70483000 	C:\Windows\SYSTEM32\WINHTTP.dll
0x761e0000 - 0x7637b000 	C:\Windows\system32\iertutil.dll
0x67b00000 - 0x67c74000 	C:\Program Files\Microsoft Office\root\Office16\GROOVEEX.DLL
0x729a0000 - 0x729b5000 	C:\Program Files\Microsoft Office\root\Office16\VCRUNTIME140.dll
0x684b0000 - 0x6851c000 	C:\Program Files\Microsoft Office\root\Office16\MSVCP140.dll
0x73410000 - 0x73414000 	C:\Program Files\Microsoft Office\root\Office16\api-ms-win-crt-runtime-l1-1-0.dll
0x72d90000 - 0x72d94000 	C:\Program Files\Microsoft Office\root\Office16\api-ms-win-crt-string-l1-1-0.dll
0x72d50000 - 0x72d53000 	C:\Program Files\Microsoft Office\root\Office16\api-ms-win-crt-heap-l1-1-0.dll
0x72ca0000 - 0x72ca4000 	C:\Program Files\Microsoft Office\root\Office16\api-ms-win-crt-stdio-l1-1-0.dll
0x729e0000 - 0x729e4000 	C:\Program Files\Microsoft Office\root\Office16\api-ms-win-crt-convert-l1-1-0.dll
0x72970000 - 0x72973000 	C:\Program Files\Microsoft Office\root\Office16\api-ms-win-crt-locale-l1-1-0.dll
0x72950000 - 0x72953000 	C:\Program Files\Microsoft Office\root\Office16\api-ms-win-crt-utility-l1-1-0.dll
0x72940000 - 0x72943000 	C:\Program Files\Microsoft Office\root\Office16\api-ms-win-crt-time-l1-1-0.dll
0x72920000 - 0x72925000 	C:\Program Files\Microsoft Office\root\Office16\api-ms-win-crt-math-l1-1-0.dll
0x723e0000 - 0x723e3000 	C:\Program Files\Microsoft Office\root\Office16\api-ms-win-crt-filesystem-l1-1-0.dll
0x723d0000 - 0x723d5000 	C:\Program Files\Microsoft Office\root\Office16\api-ms-win-crt-multibyte-l1-1-0.dll

VM Arguments:
jvm_args: -Dsun.java2d.d3d=false -Djna.nosys=true -Djna.nounpack=true -Djna.boot.library.name=jnidispatch-4.2.2-win32-x86 -Djna.boot.library.path=C:\Program Files\Arduino/lib -Djssc.library.path=C:\Program Files\Arduino/lib -DAPP_DIR=C:\Program Files\Arduino -Xms128M -Xmx512M 
java_command: processing.app.Base C:\Users\Psalmuel\Downloads\Color-Detector-master\Arduino_Color_Detector_TCS3200_LCD\Arduino_Color_Detector_TCS3200_LCD.ino
java_class_path (initial): C:\Program Files\Arduino\lib\apple.jar;C:\Program Files\Arduino\lib\arduino-core.jar;C:\Program Files\Arduino\lib\batik-1.8.jar;C:\Program Files\Arduino\lib\batik-anim-1.8.jar;C:\Program Files\Arduino\lib\batik-awt-util-1.8.jar;C:\Program Files\Arduino\lib\batik-bridge-1.8.jar;C:\Program Files\Arduino\lib\batik-codec-1.8.jar;C:\Program Files\Arduino\lib\batik-css-1.8.jar;C:\Program Files\Arduino\lib\batik-dom-1.8.jar;C:\Program Files\Arduino\lib\batik-ext-1.8.jar;C:\Program Files\Arduino\lib\batik-gvt-1.8.jar;C:\Program Files\Arduino\lib\batik-parser-1.8.jar;C:\Program Files\Arduino\lib\batik-rasterizer-1.8.jar;C:\Program Files\Arduino\lib\batik-script-1.8.jar;C:\Program Files\Arduino\lib\batik-squiggle-1.8.jar;C:\Program Files\Arduino\lib\batik-svg-dom-1.8.jar;C:\Program Files\Arduino\lib\batik-svgpp-1.8.jar;C:\Program Files\Arduino\lib\batik-transcoder-1.8.jar;C:\Program Files\Arduino\lib\batik-util-1.8.jar;C:\Program Files\Arduino\lib\batik-xml-1.8.jar;C:\Program Files\Arduino\lib\bcpg-jdk15on-152.jar;C:\Program Files\Arduino\lib\bcprov-jdk15on-152.jar;C:\Program Files\Arduino\lib\commons-codec-1.7.jar;C:\Program Files\Arduino\lib\commons-compress-1.8.jar;C:\Program Files\Arduino\lib\commons-exec-1.1.jar;C:\Program Files\Arduino\lib\commons-httpclient-3.1.jar;C:\Program Files\Arduino\lib\commons-lang3-3.3.2.jar;C:\Program Files\Arduino\lib\commons-logging-1.0.4.jar;C:\Program Files\Arduino\lib\commons-net-3.3.jar;C:\Program Files\Arduino\lib\jackson-annotations-2.9.5.jar;C:\Program Files\Arduino\lib\jackson-core-2.9.5.jar;C:\Program Files\Arduino\lib\jackson-databind-2.9.5.jar;C:\Program Files\Arduino\lib\jackson-module-mrbean-2.9.5.jar;C:\Program Files\Arduino\lib\java-semver-0.8.0.jar;C:\Program Files\Arduino\lib\jmdns-3.5.3.jar;C:\Program Files\Arduino\lib\slf4j-simple-1.7.22.jar;C:\Program Files\Arduino\lib\slf4j-api-1.7.22.jar;C:\Program Files\Arduino\lib\jna-4.2.2.jar;C:\Program Files\Arduino\lib\jna-platform-4.2.2.jar;C:\Progra
Launcher Type: SUN_STANDARD

Environment Variables:
PATH=C:\Windows\system32;C:\Windows;C:\Windows\System32\Wbem;C:\Windows\System32\WindowsPowerShell\v1.0\;C:\Program Files\Arduino\java\bin
USERNAME=Psalmuel
OS=Windows_NT
PROCESSOR_IDENTIFIER=x86 Family 6 Model 23 Stepping 10, GenuineIntel



---------------  S Y S T E M  ---------------

OS: Windows 8 Build 9200 (6.2.9200.16815)

CPU:total 2 (initial active 2) (2 cores per cpu, 1 threads per core) family 6 model 23 stepping 10, cmov, cx8, fxsr, mmx, sse, sse2, sse3, ssse3, tsc

Memory: 4k page, physical 2026404k(822320k free), swap 4061848k(2214904k free)

vm_info: Java HotSpot(TM) Client VM (25.171-b11) for windows-x86 JRE (1.8.0_171-b11), built on Mar 28 2018 14:51:22 by "java_re" with MS VC++ 10.0 (VS2010)

time: Thu Oct 11 01:31:27 2018
elapsed time: 3525 seconds (0d 0h 58m 45s)

